<CommonBaseEvent creationTime="2024-07-17T12:07:24.281Z" globalInstanceId="A1EF4435214A7D20CB37E33536343439" msg="RPXE0001W 4 users successfully added" severity="50" version="1.0.1">
	<extendedDataElements name="CommonBaseEventLogRecord:level" type="noValue">
		<children name="CommonBaseEventLogRecord:name" type="string">
			<values>SEVERE</values>
		</children>
		<children name="CommonBaseEventLogRecord:value" type="int">
			<values>1000</values>
		</children>
	</extendedDataElements>
	<extendedDataElements name="CommonBaseEventLogRecord:sequenceNumber" type="long">
		<values>0</values>
	</extendedDataElements>
	<extendedDataElements name="CommonBaseEventLogRecord:threadID" type="int">
		<values>49</values>
	</extendedDataElements>
	<extendedDataElements name="CommonBaseEventLogRecord:loggerName" type="string">
		<values>com.ibm.rational.test.lt.core.logging.PDExecutionLog</values>
	</extendedDataElements>
	<sourceComponentId application="DevOps Test Performance" component="Performance Test Type" componentIdType="Application" executionEnvironment="Java" location="192.168.1.7" locationType="IPV4" subComponent="com.ibm.rational.test.lt.kernel_6.1.0" componentType="Hyades Data Collection Engine Application"/>
	<situation categoryName="ReportSituation">
		<situationType xmlns:xsi="http://www.w3.org/2001/XMLSchema-instance" xsi:type="ReportSituation" reasoningScope="INTERNAL" reportCategory="LOG"/>
	</situation>
</CommonBaseEvent>
<CommonBaseEvent creationTime="2024-07-17T12:08:01.097Z" msg="Unable to find an exact match for CDP version 126, so returning the closest version found: a no-op implementation" severity="50" version="1.0.1">
	<extendedDataElements name="CommonBaseEventLogRecord:sequenceNumber" type="long">
		<values>5</values>
	</extendedDataElements>
	<extendedDataElements name="CommonBaseEventLogRecord:threadID" type="int">
		<values>48</values>
	</extendedDataElements>
	<extendedDataElements name="CommonBaseEventLogRecord:level" type="noValue">
		<children name="CommonBaseEventLogRecord:name" type="string">
			<values>WARNING</values>
		</children>
		<children name="CommonBaseEventLogRecord:value" type="int">
			<values>900</values>
		</children>
	</extendedDataElements>
	<extendedDataElements name="CommonBaseEventLogRecord:loggerName" type="string">
		<values>org.openqa.selenium.devtools.CdpVersionFinder</values>
	</extendedDataElements>
	<extendedDataElements name="CommonBaseEventLogRecord:sourceClassName" type="string">
		<values>org.openqa.selenium.devtools.CdpVersionFinder</values>
	</extendedDataElements>
	<extendedDataElements name="CommonBaseEventLogRecord:sourceMethodName" type="string">
		<values>findNearestMatch</values>
	</extendedDataElements>
	<sourceComponentId component="Logging" componentIdType="Application" executionEnvironment="Java" location="192.168.1.7" locationType="IPV4" subComponent="Logger" componentType="Logging_Application"/>
	<situation categoryName="ReportSituation">
		<situationType xmlns:xsi="http://www.w3.org/2001/XMLSchema-instance" xsi:type="ReportSituation" reasoningScope="INTERNAL" reportCategory="LOG"/>
	</situation>
</CommonBaseEvent>
<CommonBaseEvent creationTime="2024-07-17T12:08:01.103Z" msg="Unable to find version of CDP to use for . You may need to include a dependency on a specific version of the CDP using something similar to `org.seleniumhq.selenium:selenium-devtools-v86:4.1.4` where the version (&quot;v86&quot;) matches the version of the chromium-based browser you&apos;re using and the version number of the artifact is the same as Selenium&apos;s." severity="50" version="1.0.1">
	<extendedDataElements name="CommonBaseEventLogRecord:sequenceNumber" type="long">
		<values>6</values>
	</extendedDataElements>
	<extendedDataElements name="CommonBaseEventLogRecord:threadID" type="int">
		<values>48</values>
	</extendedDataElements>
	<extendedDataElements name="CommonBaseEventLogRecord:level" type="noValue">
		<children name="CommonBaseEventLogRecord:name" type="string">
			<values>WARNING</values>
		</children>
		<children name="CommonBaseEventLogRecord:value" type="int">
			<values>900</values>
		</children>
	</extendedDataElements>
	<extendedDataElements name="CommonBaseEventLogRecord:loggerName" type="string">
		<values>org.openqa.selenium.chromium.ChromiumDriver</values>
	</extendedDataElements>
	<extendedDataElements name="CommonBaseEventLogRecord:sourceClassName" type="string">
		<values>org.openqa.selenium.chromium.ChromiumDriver</values>
	</extendedDataElements>
	<extendedDataElements name="CommonBaseEventLogRecord:sourceMethodName" type="string">
		<values>lambda$new$3</values>
	</extendedDataElements>
	<sourceComponentId component="Logging" componentIdType="Application" executionEnvironment="Java" location="192.168.1.7" locationType="IPV4" subComponent="Logger" componentType="Logging_Application"/>
	<situation categoryName="ReportSituation">
		<situationType xmlns:xsi="http://www.w3.org/2001/XMLSchema-instance" xsi:type="ReportSituation" reasoningScope="INTERNAL" reportCategory="LOG"/>
	</situation>
</CommonBaseEvent>
<CommonBaseEvent creationTime="2024-07-17T12:08:17.976Z" msg="Unable to find an exact match for CDP version 126, so returning the closest version found: a no-op implementation" severity="50" version="1.0.1">
	<extendedDataElements name="CommonBaseEventLogRecord:sequenceNumber" type="long">
		<values>9</values>
	</extendedDataElements>
	<extendedDataElements name="CommonBaseEventLogRecord:threadID" type="int">
		<values>58</values>
	</extendedDataElements>
	<extendedDataElements name="CommonBaseEventLogRecord:level" type="noValue">
		<children name="CommonBaseEventLogRecord:name" type="string">
			<values>WARNING</values>
		</children>
		<children name="CommonBaseEventLogRecord:value" type="int">
			<values>900</values>
		</children>
	</extendedDataElements>
	<extendedDataElements name="CommonBaseEventLogRecord:loggerName" type="string">
		<values>org.openqa.selenium.devtools.CdpVersionFinder</values>
	</extendedDataElements>
	<extendedDataElements name="CommonBaseEventLogRecord:sourceClassName" type="string">
		<values>org.openqa.selenium.devtools.CdpVersionFinder</values>
	</extendedDataElements>
	<extendedDataElements name="CommonBaseEventLogRecord:sourceMethodName" type="string">
		<values>findNearestMatch</values>
	</extendedDataElements>
	<sourceComponentId component="Logging" componentIdType="Application" executionEnvironment="Java" location="192.168.1.7" locationType="IPV4" subComponent="Logger" componentType="Logging_Application"/>
	<situation categoryName="ReportSituation">
		<situationType xmlns:xsi="http://www.w3.org/2001/XMLSchema-instance" xsi:type="ReportSituation" reasoningScope="INTERNAL" reportCategory="LOG"/>
	</situation>
</CommonBaseEvent>
<CommonBaseEvent creationTime="2024-07-17T12:08:17.977Z" msg="Unable to find version of CDP to use for . You may need to include a dependency on a specific version of the CDP using something similar to `org.seleniumhq.selenium:selenium-devtools-v86:4.1.4` where the version (&quot;v86&quot;) matches the version of the chromium-based browser you&apos;re using and the version number of the artifact is the same as Selenium&apos;s." severity="50" version="1.0.1">
	<extendedDataElements name="CommonBaseEventLogRecord:sequenceNumber" type="long">
		<values>10</values>
	</extendedDataElements>
	<extendedDataElements name="CommonBaseEventLogRecord:threadID" type="int">
		<values>58</values>
	</extendedDataElements>
	<extendedDataElements name="CommonBaseEventLogRecord:level" type="noValue">
		<children name="CommonBaseEventLogRecord:name" type="string">
			<values>WARNING</values>
		</children>
		<children name="CommonBaseEventLogRecord:value" type="int">
			<values>900</values>
		</children>
	</extendedDataElements>
	<extendedDataElements name="CommonBaseEventLogRecord:loggerName" type="string">
		<values>org.openqa.selenium.chromium.ChromiumDriver</values>
	</extendedDataElements>
	<extendedDataElements name="CommonBaseEventLogRecord:sourceClassName" type="string">
		<values>org.openqa.selenium.chromium.ChromiumDriver</values>
	</extendedDataElements>
	<extendedDataElements name="CommonBaseEventLogRecord:sourceMethodName" type="string">
		<values>lambda$new$3</values>
	</extendedDataElements>
	<sourceComponentId component="Logging" componentIdType="Application" executionEnvironment="Java" location="192.168.1.7" locationType="IPV4" subComponent="Logger" componentType="Logging_Application"/>
	<situation categoryName="ReportSituation">
		<situationType xmlns:xsi="http://www.w3.org/2001/XMLSchema-instance" xsi:type="ReportSituation" reasoningScope="INTERNAL" reportCategory="LOG"/>
	</situation>
</CommonBaseEvent>
<CommonBaseEvent creationTime="2024-07-17T12:08:18.223Z" msg="Unable to find an exact match for CDP version 126, so returning the closest version found: a no-op implementation" severity="50" version="1.0.1">
	<extendedDataElements name="CommonBaseEventLogRecord:sequenceNumber" type="long">
		<values>11</values>
	</extendedDataElements>
	<extendedDataElements name="CommonBaseEventLogRecord:threadID" type="int">
		<values>48</values>
	</extendedDataElements>
	<extendedDataElements name="CommonBaseEventLogRecord:level" type="noValue">
		<children name="CommonBaseEventLogRecord:name" type="string">
			<values>WARNING</values>
		</children>
		<children name="CommonBaseEventLogRecord:value" type="int">
			<values>900</values>
		</children>
	</extendedDataElements>
	<extendedDataElements name="CommonBaseEventLogRecord:loggerName" type="string">
		<values>org.openqa.selenium.devtools.CdpVersionFinder</values>
	</extendedDataElements>
	<extendedDataElements name="CommonBaseEventLogRecord:sourceClassName" type="string">
		<values>org.openqa.selenium.devtools.CdpVersionFinder</values>
	</extendedDataElements>
	<extendedDataElements name="CommonBaseEventLogRecord:sourceMethodName" type="string">
		<values>findNearestMatch</values>
	</extendedDataElements>
	<sourceComponentId component="Logging" componentIdType="Application" executionEnvironment="Java" location="192.168.1.7" locationType="IPV4" subComponent="Logger" componentType="Logging_Application"/>
	<situation categoryName="ReportSituation">
		<situationType xmlns:xsi="http://www.w3.org/2001/XMLSchema-instance" xsi:type="ReportSituation" reasoningScope="INTERNAL" reportCategory="LOG"/>
	</situation>
</CommonBaseEvent>
<CommonBaseEvent creationTime="2024-07-17T12:08:18.224Z" msg="Unable to find version of CDP to use for . You may need to include a dependency on a specific version of the CDP using something similar to `org.seleniumhq.selenium:selenium-devtools-v86:4.1.4` where the version (&quot;v86&quot;) matches the version of the chromium-based browser you&apos;re using and the version number of the artifact is the same as Selenium&apos;s." severity="50" version="1.0.1">
	<extendedDataElements name="CommonBaseEventLogRecord:sequenceNumber" type="long">
		<values>12</values>
	</extendedDataElements>
	<extendedDataElements name="CommonBaseEventLogRecord:threadID" type="int">
		<values>48</values>
	</extendedDataElements>
	<extendedDataElements name="CommonBaseEventLogRecord:level" type="noValue">
		<children name="CommonBaseEventLogRecord:name" type="string">
			<values>WARNING</values>
		</children>
		<children name="CommonBaseEventLogRecord:value" type="int">
			<values>900</values>
		</children>
	</extendedDataElements>
	<extendedDataElements name="CommonBaseEventLogRecord:loggerName" type="string">
		<values>org.openqa.selenium.chromium.ChromiumDriver</values>
	</extendedDataElements>
	<extendedDataElements name="CommonBaseEventLogRecord:sourceClassName" type="string">
		<values>org.openqa.selenium.chromium.ChromiumDriver</values>
	</extendedDataElements>
	<extendedDataElements name="CommonBaseEventLogRecord:sourceMethodName" type="string">
		<values>lambda$new$3</values>
	</extendedDataElements>
	<sourceComponentId component="Logging" componentIdType="Application" executionEnvironment="Java" location="192.168.1.7" locationType="IPV4" subComponent="Logger" componentType="Logging_Application"/>
	<situation categoryName="ReportSituation">
		<situationType xmlns:xsi="http://www.w3.org/2001/XMLSchema-instance" xsi:type="ReportSituation" reasoningScope="INTERNAL" reportCategory="LOG"/>
	</situation>
</CommonBaseEvent>
<CommonBaseEvent creationTime="2024-07-17T12:08:20.642Z" msg="Unable to find an exact match for CDP version 126, so returning the closest version found: a no-op implementation" severity="50" version="1.0.1">
	<extendedDataElements name="CommonBaseEventLogRecord:sequenceNumber" type="long">
		<values>14</values>
	</extendedDataElements>
	<extendedDataElements name="CommonBaseEventLogRecord:threadID" type="int">
		<values>53</values>
	</extendedDataElements>
	<extendedDataElements name="CommonBaseEventLogRecord:level" type="noValue">
		<children name="CommonBaseEventLogRecord:name" type="string">
			<values>WARNING</values>
		</children>
		<children name="CommonBaseEventLogRecord:value" type="int">
			<values>900</values>
		</children>
	</extendedDataElements>
	<extendedDataElements name="CommonBaseEventLogRecord:loggerName" type="string">
		<values>org.openqa.selenium.devtools.CdpVersionFinder</values>
	</extendedDataElements>
	<extendedDataElements name="CommonBaseEventLogRecord:sourceClassName" type="string">
		<values>org.openqa.selenium.devtools.CdpVersionFinder</values>
	</extendedDataElements>
	<extendedDataElements name="CommonBaseEventLogRecord:sourceMethodName" type="string">
		<values>findNearestMatch</values>
	</extendedDataElements>
	<sourceComponentId component="Logging" componentIdType="Application" executionEnvironment="Java" location="192.168.1.7" locationType="IPV4" subComponent="Logger" componentType="Logging_Application"/>
	<situation categoryName="ReportSituation">
		<situationType xmlns:xsi="http://www.w3.org/2001/XMLSchema-instance" xsi:type="ReportSituation" reasoningScope="INTERNAL" reportCategory="LOG"/>
	</situation>
</CommonBaseEvent>
<CommonBaseEvent creationTime="2024-07-17T12:08:20.643Z" msg="Unable to find version of CDP to use for . You may need to include a dependency on a specific version of the CDP using something similar to `org.seleniumhq.selenium:selenium-devtools-v86:4.1.4` where the version (&quot;v86&quot;) matches the version of the chromium-based browser you&apos;re using and the version number of the artifact is the same as Selenium&apos;s." severity="50" version="1.0.1">
	<extendedDataElements name="CommonBaseEventLogRecord:sequenceNumber" type="long">
		<values>15</values>
	</extendedDataElements>
	<extendedDataElements name="CommonBaseEventLogRecord:threadID" type="int">
		<values>53</values>
	</extendedDataElements>
	<extendedDataElements name="CommonBaseEventLogRecord:level" type="noValue">
		<children name="CommonBaseEventLogRecord:name" type="string">
			<values>WARNING</values>
		</children>
		<children name="CommonBaseEventLogRecord:value" type="int">
			<values>900</values>
		</children>
	</extendedDataElements>
	<extendedDataElements name="CommonBaseEventLogRecord:loggerName" type="string">
		<values>org.openqa.selenium.chromium.ChromiumDriver</values>
	</extendedDataElements>
	<extendedDataElements name="CommonBaseEventLogRecord:sourceClassName" type="string">
		<values>org.openqa.selenium.chromium.ChromiumDriver</values>
	</extendedDataElements>
	<extendedDataElements name="CommonBaseEventLogRecord:sourceMethodName" type="string">
		<values>lambda$new$3</values>
	</extendedDataElements>
	<sourceComponentId component="Logging" componentIdType="Application" executionEnvironment="Java" location="192.168.1.7" locationType="IPV4" subComponent="Logger" componentType="Logging_Application"/>
	<situation categoryName="ReportSituation">
		<situationType xmlns:xsi="http://www.w3.org/2001/XMLSchema-instance" xsi:type="ReportSituation" reasoningScope="INTERNAL" reportCategory="LOG"/>
	</situation>
</CommonBaseEvent>
<CommonBaseEvent creationTime="2024-07-17T12:08:49.799Z" globalInstanceId="A1EF443553969E30CB37E33536343439" msg="HandleException {0}&#xA;org.openqa.selenium.TimeoutException: Expected condition failed: waiting for com.ibm.rational.test.rtw.webgui.selenium.actions.WebDriverJavascriptExecutor$ScriptFunction@bca6e629 (tried for 10 second(s) with 500 milliseconds interval)&#xA;Build info: version: &apos;4.1.4&apos;, revision: &apos;535d840ee2&apos;&#xA;System info: host: &apos;STLININF0256&apos;, ip: &apos;192.168.1.7&apos;, os.name: &apos;Windows 11&apos;, os.arch: &apos;amd64&apos;, os.version: &apos;10.0&apos;, java.version: &apos;1.8.0_382&apos;&#xA;Driver info: driver.version: unknown&#xD;&#xA;&#x9;at org.openqa.selenium.support.ui.FluentWait.timeoutException(FluentWait.java:263)&#xD;&#xA;&#x9;at org.openqa.selenium.support.ui.FluentWait.until(FluentWait.java:231)&#xD;&#xA;&#x9;at com.ibm.rational.test.rtw.webgui.selenium.actions.WebDriverJavascriptExecutor.executeAction(WebDriverJavascriptExecutor.java:129)&#xD;&#xA;&#x9;at com.ibm.rational.test.rtw.webgui.selenium.actions.BaseWebDriverAction.execute(BaseWebDriverAction.java:177)&#xD;&#xA;&#x9;at com.ibm.rational.test.rtw.webgui.execution.playback.AbstractActions.executeInternal(AbstractActions.java:104)&#xD;&#xA;&#x9;at com.ibm.rational.test.rtw.webgui.execution.playback.AbstractActions.executeAction(AbstractActions.java:167)&#xD;&#xA;&#x9;at com.ibm.rational.test.rtw.webgui.selenium.WebDriverPlayer.runScript(WebDriverPlayer.java:312)&#xD;&#xA;&#x9;at com.ibm.rational.test.rtw.webgui.playback.js.actions.BaseJSAction.runScriptAndParseResponse(BaseJSAction.java:100)&#xD;&#xA;&#x9;at com.ibm.rational.test.rtw.webgui.playback.js.actions.BaseJSAction.runScriptAndParseResponse(BaseJSAction.java:89)&#xD;&#xA;&#x9;at com.ibm.rational.test.rtw.webgui.playback.js.actions.JSDefaultAction.execute(JSDefaultAction.java:31)&#xD;&#xA;&#x9;at com.ibm.rational.test.rtw.webgui.execution.playback.AbstractActions.executeInternal(AbstractActions.java:104)&#xD;&#xA;&#x9;at com.ibm.rational.test.rtw.webgui.execution.playback.AbstractActions.executeAction(AbstractActions.java:167)&#xD;&#xA;&#x9;at com.ibm.rational.test.rtw.webgui.execution.playback.HybridPlayer.invokeActionInternal(HybridPlayer.java:121)&#xD;&#xA;&#x9;at com.ibm.rational.test.rtw.webgui.execution.playback.HybridPlayer.invokeAction(HybridPlayer.java:112)&#xD;&#xA;&#x9;at com.ibm.rational.test.rtw.webgui.execution.playback.AbstractWebPlayer.executeTestStep(AbstractWebPlayer.java:217)&#xD;&#xA;&#x9;at com.ibm.rational.test.rtw.webgui.execution.PlaybackManager.executeTestStep(PlaybackManager.java:347)&#xD;&#xA;&#x9;at com.ibm.rational.test.rtw.webgui.execution.PlaybackManager.executeTestSteps(PlaybackManager.java:250)&#xD;&#xA;&#x9;at com.ibm.rational.test.rtw.webgui.execution.DesktopBrowserExecution.executeSteps(DesktopBrowserExecution.java:122)&#xD;&#xA;&#x9;at com.ibm.rational.test.lt.execution.moeb.action.MoebStepBatchAction.execute(MoebStepBatchAction.java:300)&#xD;&#xA;&#x9;at com.ibm.rational.test.lt.kernel.action.impl.KAction.executeAction(KAction.java:602)&#xD;&#xA;&#x9;at com.ibm.rational.test.lt.kernel.action.impl.KAction.run(KAction.java:2146)&#xD;&#xA;&#x9;at java.util.concurrent.ThreadPoolExecutor.runWorker(ThreadPoolExecutor.java:1149)&#xD;&#xA;&#x9;at java.util.concurrent.ThreadPoolExecutor$Worker.run(ThreadPoolExecutor.java:624)&#xD;&#xA;&#x9;at java.lang.Thread.run(Thread.java:826)&#xD;&#xA;" severity="50" version="1.0.1">
	<extendedDataElements name="CommonBaseEventLogRecord:level" type="noValue">
		<children name="CommonBaseEventLogRecord:name" type="string">
			<values>SEVERE</values>
		</children>
		<children name="CommonBaseEventLogRecord:value" type="int">
			<values>1000</values>
		</children>
	</extendedDataElements>
	<extendedDataElements name="CommonBaseEventLogRecord:sequenceNumber" type="long">
		<values>16</values>
	</extendedDataElements>
	<extendedDataElements name="CommonBaseEventLogRecord:threadID" type="int">
		<values>49</values>
	</extendedDataElements>
	<extendedDataElements name="CommonBaseEventLogRecord:loggerName" type="string">
		<values>com.ibm.rational.test.lt.core.logging.PDExecutionLog</values>
	</extendedDataElements>
	<extendedDataElements name="CommonBaseEventLogRecord:stackTrace" type="stringArray">
		<values>org.openqa.selenium.TimeoutException: Expected condition failed: waiting for com.ibm.rational.test.rtw.webgui.selenium.actions.WebDriverJavascriptExecutor$ScriptFunction@bca6e629 (tried for 10 second(s) with 500 milliseconds interval)&#xA;Build info: version: &apos;4.1.4&apos;, revision: &apos;535d840ee2&apos;&#xA;System info: host: &apos;STLININF0256&apos;, ip: &apos;192.168.1.7&apos;, os.name: &apos;Windows 11&apos;, os.arch: &apos;amd64&apos;, os.version: &apos;10.0&apos;, java.version: &apos;1.8.0_382&apos;&#xA;Driver info: driver.version: unknown</values>
		<values>org.openqa.selenium.support.ui.FluentWait.timeoutException(FluentWait.java:263)</values>
		<values>org.openqa.selenium.support.ui.FluentWait.until(FluentWait.java:231)</values>
		<values>com.ibm.rational.test.rtw.webgui.selenium.actions.WebDriverJavascriptExecutor.executeAction(WebDriverJavascriptExecutor.java:129)</values>
		<values>com.ibm.rational.test.rtw.webgui.selenium.actions.BaseWebDriverAction.execute(BaseWebDriverAction.java:177)</values>
		<values>com.ibm.rational.test.rtw.webgui.execution.playback.AbstractActions.executeInternal(AbstractActions.java:104)</values>
		<values>com.ibm.rational.test.rtw.webgui.execution.playback.AbstractActions.executeAction(AbstractActions.java:167)</values>
		<values>com.ibm.rational.test.rtw.webgui.selenium.WebDriverPlayer.runScript(WebDriverPlayer.java:312)</values>
		<values>com.ibm.rational.test.rtw.webgui.playback.js.actions.BaseJSAction.runScriptAndParseResponse(BaseJSAction.java:100)</values>
		<values>com.ibm.rational.test.rtw.webgui.playback.js.actions.BaseJSAction.runScriptAndParseResponse(BaseJSAction.java:89)</values>
		<values>com.ibm.rational.test.rtw.webgui.playback.js.actions.JSDefaultAction.execute(JSDefaultAction.java:31)</values>
		<values>com.ibm.rational.test.rtw.webgui.execution.playback.AbstractActions.executeInternal(AbstractActions.java:104)</values>
		<values>com.ibm.rational.test.rtw.webgui.execution.playback.AbstractActions.executeAction(AbstractActions.java:167)</values>
		<values>com.ibm.rational.test.rtw.webgui.execution.playback.HybridPlayer.invokeActionInternal(HybridPlayer.java:121)</values>
		<values>com.ibm.rational.test.rtw.webgui.execution.playback.HybridPlayer.invokeAction(HybridPlayer.java:112)</values>
		<values>com.ibm.rational.test.rtw.webgui.execution.playback.AbstractWebPlayer.executeTestStep(AbstractWebPlayer.java:217)</values>
		<values>com.ibm.rational.test.rtw.webgui.execution.PlaybackManager.executeTestStep(PlaybackManager.java:347)</values>
		<values>com.ibm.rational.test.rtw.webgui.execution.PlaybackManager.executeTestSteps(PlaybackManager.java:250)</values>
		<values>com.ibm.rational.test.rtw.webgui.execution.DesktopBrowserExecution.executeSteps(DesktopBrowserExecution.java:122)</values>
		<values>com.ibm.rational.test.lt.execution.moeb.action.MoebStepBatchAction.execute(MoebStepBatchAction.java:300)</values>
		<values>com.ibm.rational.test.lt.kernel.action.impl.KAction.executeAction(KAction.java:602)</values>
		<values>com.ibm.rational.test.lt.kernel.action.impl.KAction.run(KAction.java:2146)</values>
		<values>java.util.concurrent.ThreadPoolExecutor.runWorker(ThreadPoolExecutor.java:1149)</values>
		<values>java.util.concurrent.ThreadPoolExecutor$Worker.run(ThreadPoolExecutor.java:624)</values>
		<values>java.lang.Thread.run(Thread.java:826)</values>
	</extendedDataElements>
	<sourceComponentId application="Test UI Web UI Tester" component="com.ibm.rational.test.rtw.webgui.execution" componentIdType="Functional test Execution" executionEnvironment="Java" location="192.168.1.7" locationType="IPV4" subComponent="com.ibm.rational.test.rtw.webgui.execution" componentType="Desktop Execution"/>
	<situation categoryName="ReportSituation">
		<situationType xmlns:xsi="http://www.w3.org/2001/XMLSchema-instance" xsi:type="ReportSituation" reasoningScope="INTERNAL" reportCategory="LOG"/>
	</situation>
</CommonBaseEvent>
<CommonBaseEvent creationTime="2024-07-17T12:09:04.081Z" globalInstanceId="A1EF44355C180C10CB37E33536343439" msg="HandleException {0}&#xA;org.openqa.selenium.TimeoutException: Expected condition failed: waiting for com.ibm.rational.test.rtw.webgui.selenium.actions.WebDriverJavascriptExecutor$ScriptFunction@4b3d5a3e (tried for 10 second(s) with 500 milliseconds interval)&#xA;Build info: version: &apos;4.1.4&apos;, revision: &apos;535d840ee2&apos;&#xA;System info: host: &apos;STLININF0256&apos;, ip: &apos;192.168.1.7&apos;, os.name: &apos;Windows 11&apos;, os.arch: &apos;amd64&apos;, os.version: &apos;10.0&apos;, java.version: &apos;1.8.0_382&apos;&#xA;Driver info: driver.version: unknown&#xD;&#xA;&#x9;at org.openqa.selenium.support.ui.FluentWait.timeoutException(FluentWait.java:263)&#xD;&#xA;&#x9;at org.openqa.selenium.support.ui.FluentWait.until(FluentWait.java:231)&#xD;&#xA;&#x9;at com.ibm.rational.test.rtw.webgui.selenium.actions.WebDriverJavascriptExecutor.executeAction(WebDriverJavascriptExecutor.java:129)&#xD;&#xA;&#x9;at com.ibm.rational.test.rtw.webgui.selenium.actions.BaseWebDriverAction.execute(BaseWebDriverAction.java:177)&#xD;&#xA;&#x9;at com.ibm.rational.test.rtw.webgui.execution.playback.AbstractActions.executeInternal(AbstractActions.java:104)&#xD;&#xA;&#x9;at com.ibm.rational.test.rtw.webgui.execution.playback.AbstractActions.executeAction(AbstractActions.java:167)&#xD;&#xA;&#x9;at com.ibm.rational.test.rtw.webgui.selenium.WebDriverPlayer.runScript(WebDriverPlayer.java:312)&#xD;&#xA;&#x9;at com.ibm.rational.test.rtw.webgui.playback.js.actions.BaseJSAction.runScriptAndParseResponse(BaseJSAction.java:100)&#xD;&#xA;&#x9;at com.ibm.rational.test.rtw.webgui.playback.js.actions.BaseJSAction.runScriptAndParseResponse(BaseJSAction.java:89)&#xD;&#xA;&#x9;at com.ibm.rational.test.rtw.webgui.playback.js.actions.JSDefaultAction.execute(JSDefaultAction.java:31)&#xD;&#xA;&#x9;at com.ibm.rational.test.rtw.webgui.execution.playback.AbstractActions.executeInternal(AbstractActions.java:104)&#xD;&#xA;&#x9;at com.ibm.rational.test.rtw.webgui.execution.playback.AbstractActions.executeAction(AbstractActions.java:167)&#xD;&#xA;&#x9;at com.ibm.rational.test.rtw.webgui.execution.playback.HybridPlayer.invokeActionInternal(HybridPlayer.java:121)&#xD;&#xA;&#x9;at com.ibm.rational.test.rtw.webgui.execution.playback.HybridPlayer.invokeAction(HybridPlayer.java:112)&#xD;&#xA;&#x9;at com.ibm.rational.test.rtw.webgui.execution.playback.AbstractWebPlayer.executeTestStep(AbstractWebPlayer.java:217)&#xD;&#xA;&#x9;at com.ibm.rational.test.rtw.webgui.execution.PlaybackManager.executeTestStep(PlaybackManager.java:347)&#xD;&#xA;&#x9;at com.ibm.rational.test.rtw.webgui.execution.PlaybackManager.executeTestSteps(PlaybackManager.java:250)&#xD;&#xA;&#x9;at com.ibm.rational.test.rtw.webgui.execution.DesktopBrowserExecution.executeSteps(DesktopBrowserExecution.java:122)&#xD;&#xA;&#x9;at com.ibm.rational.test.lt.execution.moeb.action.MoebStepBatchAction.execute(MoebStepBatchAction.java:300)&#xD;&#xA;&#x9;at com.ibm.rational.test.lt.kernel.action.impl.KAction.executeAction(KAction.java:602)&#xD;&#xA;&#x9;at com.ibm.rational.test.lt.kernel.action.impl.KAction.run(KAction.java:2146)&#xD;&#xA;&#x9;at java.util.concurrent.ThreadPoolExecutor.runWorker(ThreadPoolExecutor.java:1149)&#xD;&#xA;&#x9;at java.util.concurrent.ThreadPoolExecutor$Worker.run(ThreadPoolExecutor.java:624)&#xD;&#xA;&#x9;at java.lang.Thread.run(Thread.java:826)&#xD;&#xA;" severity="50" version="1.0.1">
	<extendedDataElements name="CommonBaseEventLogRecord:level" type="noValue">
		<children name="CommonBaseEventLogRecord:name" type="string">
			<values>SEVERE</values>
		</children>
		<children name="CommonBaseEventLogRecord:value" type="int">
			<values>1000</values>
		</children>
	</extendedDataElements>
	<extendedDataElements name="CommonBaseEventLogRecord:sequenceNumber" type="long">
		<values>17</values>
	</extendedDataElements>
	<extendedDataElements name="CommonBaseEventLogRecord:threadID" type="int">
		<values>49</values>
	</extendedDataElements>
	<extendedDataElements name="CommonBaseEventLogRecord:loggerName" type="string">
		<values>com.ibm.rational.test.lt.core.logging.PDExecutionLog</values>
	</extendedDataElements>
	<extendedDataElements name="CommonBaseEventLogRecord:stackTrace" type="stringArray">
		<values>org.openqa.selenium.TimeoutException: Expected condition failed: waiting for com.ibm.rational.test.rtw.webgui.selenium.actions.WebDriverJavascriptExecutor$ScriptFunction@4b3d5a3e (tried for 10 second(s) with 500 milliseconds interval)&#xA;Build info: version: &apos;4.1.4&apos;, revision: &apos;535d840ee2&apos;&#xA;System info: host: &apos;STLININF0256&apos;, ip: &apos;192.168.1.7&apos;, os.name: &apos;Windows 11&apos;, os.arch: &apos;amd64&apos;, os.version: &apos;10.0&apos;, java.version: &apos;1.8.0_382&apos;&#xA;Driver info: driver.version: unknown</values>
		<values>org.openqa.selenium.support.ui.FluentWait.timeoutException(FluentWait.java:263)</values>
		<values>org.openqa.selenium.support.ui.FluentWait.until(FluentWait.java:231)</values>
		<values>com.ibm.rational.test.rtw.webgui.selenium.actions.WebDriverJavascriptExecutor.executeAction(WebDriverJavascriptExecutor.java:129)</values>
		<values>com.ibm.rational.test.rtw.webgui.selenium.actions.BaseWebDriverAction.execute(BaseWebDriverAction.java:177)</values>
		<values>com.ibm.rational.test.rtw.webgui.execution.playback.AbstractActions.executeInternal(AbstractActions.java:104)</values>
		<values>com.ibm.rational.test.rtw.webgui.execution.playback.AbstractActions.executeAction(AbstractActions.java:167)</values>
		<values>com.ibm.rational.test.rtw.webgui.selenium.WebDriverPlayer.runScript(WebDriverPlayer.java:312)</values>
		<values>com.ibm.rational.test.rtw.webgui.playback.js.actions.BaseJSAction.runScriptAndParseResponse(BaseJSAction.java:100)</values>
		<values>com.ibm.rational.test.rtw.webgui.playback.js.actions.BaseJSAction.runScriptAndParseResponse(BaseJSAction.java:89)</values>
		<values>com.ibm.rational.test.rtw.webgui.playback.js.actions.JSDefaultAction.execute(JSDefaultAction.java:31)</values>
		<values>com.ibm.rational.test.rtw.webgui.execution.playback.AbstractActions.executeInternal(AbstractActions.java:104)</values>
		<values>com.ibm.rational.test.rtw.webgui.execution.playback.AbstractActions.executeAction(AbstractActions.java:167)</values>
		<values>com.ibm.rational.test.rtw.webgui.execution.playback.HybridPlayer.invokeActionInternal(HybridPlayer.java:121)</values>
		<values>com.ibm.rational.test.rtw.webgui.execution.playback.HybridPlayer.invokeAction(HybridPlayer.java:112)</values>
		<values>com.ibm.rational.test.rtw.webgui.execution.playback.AbstractWebPlayer.executeTestStep(AbstractWebPlayer.java:217)</values>
		<values>com.ibm.rational.test.rtw.webgui.execution.PlaybackManager.executeTestStep(PlaybackManager.java:347)</values>
		<values>com.ibm.rational.test.rtw.webgui.execution.PlaybackManager.executeTestSteps(PlaybackManager.java:250)</values>
		<values>com.ibm.rational.test.rtw.webgui.execution.DesktopBrowserExecution.executeSteps(DesktopBrowserExecution.java:122)</values>
		<values>com.ibm.rational.test.lt.execution.moeb.action.MoebStepBatchAction.execute(MoebStepBatchAction.java:300)</values>
		<values>com.ibm.rational.test.lt.kernel.action.impl.KAction.executeAction(KAction.java:602)</values>
		<values>com.ibm.rational.test.lt.kernel.action.impl.KAction.run(KAction.java:2146)</values>
		<values>java.util.concurrent.ThreadPoolExecutor.runWorker(ThreadPoolExecutor.java:1149)</values>
		<values>java.util.concurrent.ThreadPoolExecutor$Worker.run(ThreadPoolExecutor.java:624)</values>
		<values>java.lang.Thread.run(Thread.java:826)</values>
	</extendedDataElements>
	<sourceComponentId application="Test UI Web UI Tester" component="com.ibm.rational.test.rtw.webgui.execution" componentIdType="Functional test Execution" executionEnvironment="Java" location="192.168.1.7" locationType="IPV4" subComponent="com.ibm.rational.test.rtw.webgui.execution" componentType="Desktop Execution"/>
	<situation categoryName="ReportSituation">
		<situationType xmlns:xsi="http://www.w3.org/2001/XMLSchema-instance" xsi:type="ReportSituation" reasoningScope="INTERNAL" reportCategory="LOG"/>
	</situation>
</CommonBaseEvent>
<CommonBaseEvent creationTime="2024-07-17T12:09:04.095Z" globalInstanceId="A1EF44355C1A2EF0CB37E33536343439" msg="HandleException {0}&#xA;org.openqa.selenium.TimeoutException: Expected condition failed: waiting for com.ibm.rational.test.rtw.webgui.selenium.actions.WebDriverJavascriptExecutor$ScriptFunction@cce9b4ef (tried for 10 second(s) with 500 milliseconds interval)&#xA;Build info: version: &apos;4.1.4&apos;, revision: &apos;535d840ee2&apos;&#xA;System info: host: &apos;STLININF0256&apos;, ip: &apos;192.168.1.7&apos;, os.name: &apos;Windows 11&apos;, os.arch: &apos;amd64&apos;, os.version: &apos;10.0&apos;, java.version: &apos;1.8.0_382&apos;&#xA;Driver info: driver.version: unknown&#xD;&#xA;&#x9;at org.openqa.selenium.support.ui.FluentWait.timeoutException(FluentWait.java:263)&#xD;&#xA;&#x9;at org.openqa.selenium.support.ui.FluentWait.until(FluentWait.java:231)&#xD;&#xA;&#x9;at com.ibm.rational.test.rtw.webgui.selenium.actions.WebDriverJavascriptExecutor.executeAction(WebDriverJavascriptExecutor.java:129)&#xD;&#xA;&#x9;at com.ibm.rational.test.rtw.webgui.selenium.actions.BaseWebDriverAction.execute(BaseWebDriverAction.java:177)&#xD;&#xA;&#x9;at com.ibm.rational.test.rtw.webgui.execution.playback.AbstractActions.executeInternal(AbstractActions.java:104)&#xD;&#xA;&#x9;at com.ibm.rational.test.rtw.webgui.execution.playback.AbstractActions.executeAction(AbstractActions.java:167)&#xD;&#xA;&#x9;at com.ibm.rational.test.rtw.webgui.selenium.WebDriverPlayer.runScript(WebDriverPlayer.java:312)&#xD;&#xA;&#x9;at com.ibm.rational.test.rtw.webgui.playback.js.actions.BaseJSAction.runScriptAndParseResponse(BaseJSAction.java:100)&#xD;&#xA;&#x9;at com.ibm.rational.test.rtw.webgui.playback.js.actions.BaseJSAction.runScriptAndParseResponse(BaseJSAction.java:89)&#xD;&#xA;&#x9;at com.ibm.rational.test.rtw.webgui.playback.js.actions.JSDefaultAction.execute(JSDefaultAction.java:31)&#xD;&#xA;&#x9;at com.ibm.rational.test.rtw.webgui.execution.playback.AbstractActions.executeInternal(AbstractActions.java:104)&#xD;&#xA;&#x9;at com.ibm.rational.test.rtw.webgui.execution.playback.AbstractActions.executeAction(AbstractActions.java:167)&#xD;&#xA;&#x9;at com.ibm.rational.test.rtw.webgui.execution.playback.HybridPlayer.invokeActionInternal(HybridPlayer.java:121)&#xD;&#xA;&#x9;at com.ibm.rational.test.rtw.webgui.execution.playback.HybridPlayer.invokeAction(HybridPlayer.java:112)&#xD;&#xA;&#x9;at com.ibm.rational.test.rtw.webgui.execution.playback.AbstractWebPlayer.executeTestStep(AbstractWebPlayer.java:217)&#xD;&#xA;&#x9;at com.ibm.rational.test.rtw.webgui.execution.PlaybackManager.executeTestStep(PlaybackManager.java:347)&#xD;&#xA;&#x9;at com.ibm.rational.test.rtw.webgui.execution.PlaybackManager.executeTestSteps(PlaybackManager.java:250)&#xD;&#xA;&#x9;at com.ibm.rational.test.rtw.webgui.execution.DesktopBrowserExecution.executeSteps(DesktopBrowserExecution.java:122)&#xD;&#xA;&#x9;at com.ibm.rational.test.lt.execution.moeb.action.MoebStepBatchAction.execute(MoebStepBatchAction.java:300)&#xD;&#xA;&#x9;at com.ibm.rational.test.lt.kernel.action.impl.KAction.executeAction(KAction.java:602)&#xD;&#xA;&#x9;at com.ibm.rational.test.lt.kernel.action.impl.KAction.run(KAction.java:2146)&#xD;&#xA;&#x9;at java.util.concurrent.ThreadPoolExecutor.runWorker(ThreadPoolExecutor.java:1149)&#xD;&#xA;&#x9;at java.util.concurrent.ThreadPoolExecutor$Worker.run(ThreadPoolExecutor.java:624)&#xD;&#xA;&#x9;at java.lang.Thread.run(Thread.java:826)&#xD;&#xA;" severity="50" version="1.0.1">
	<extendedDataElements name="CommonBaseEventLogRecord:level" type="noValue">
		<children name="CommonBaseEventLogRecord:name" type="string">
			<values>SEVERE</values>
		</children>
		<children name="CommonBaseEventLogRecord:value" type="int">
			<values>1000</values>
		</children>
	</extendedDataElements>
	<extendedDataElements name="CommonBaseEventLogRecord:sequenceNumber" type="long">
		<values>18</values>
	</extendedDataElements>
	<extendedDataElements name="CommonBaseEventLogRecord:threadID" type="int">
		<values>49</values>
	</extendedDataElements>
	<extendedDataElements name="CommonBaseEventLogRecord:loggerName" type="string">
		<values>com.ibm.rational.test.lt.core.logging.PDExecutionLog</values>
	</extendedDataElements>
	<extendedDataElements name="CommonBaseEventLogRecord:stackTrace" type="stringArray">
		<values>org.openqa.selenium.TimeoutException: Expected condition failed: waiting for com.ibm.rational.test.rtw.webgui.selenium.actions.WebDriverJavascriptExecutor$ScriptFunction@cce9b4ef (tried for 10 second(s) with 500 milliseconds interval)&#xA;Build info: version: &apos;4.1.4&apos;, revision: &apos;535d840ee2&apos;&#xA;System info: host: &apos;STLININF0256&apos;, ip: &apos;192.168.1.7&apos;, os.name: &apos;Windows 11&apos;, os.arch: &apos;amd64&apos;, os.version: &apos;10.0&apos;, java.version: &apos;1.8.0_382&apos;&#xA;Driver info: driver.version: unknown</values>
		<values>org.openqa.selenium.support.ui.FluentWait.timeoutException(FluentWait.java:263)</values>
		<values>org.openqa.selenium.support.ui.FluentWait.until(FluentWait.java:231)</values>
		<values>com.ibm.rational.test.rtw.webgui.selenium.actions.WebDriverJavascriptExecutor.executeAction(WebDriverJavascriptExecutor.java:129)</values>
		<values>com.ibm.rational.test.rtw.webgui.selenium.actions.BaseWebDriverAction.execute(BaseWebDriverAction.java:177)</values>
		<values>com.ibm.rational.test.rtw.webgui.execution.playback.AbstractActions.executeInternal(AbstractActions.java:104)</values>
		<values>com.ibm.rational.test.rtw.webgui.execution.playback.AbstractActions.executeAction(AbstractActions.java:167)</values>
		<values>com.ibm.rational.test.rtw.webgui.selenium.WebDriverPlayer.runScript(WebDriverPlayer.java:312)</values>
		<values>com.ibm.rational.test.rtw.webgui.playback.js.actions.BaseJSAction.runScriptAndParseResponse(BaseJSAction.java:100)</values>
		<values>com.ibm.rational.test.rtw.webgui.playback.js.actions.BaseJSAction.runScriptAndParseResponse(BaseJSAction.java:89)</values>
		<values>com.ibm.rational.test.rtw.webgui.playback.js.actions.JSDefaultAction.execute(JSDefaultAction.java:31)</values>
		<values>com.ibm.rational.test.rtw.webgui.execution.playback.AbstractActions.executeInternal(AbstractActions.java:104)</values>
		<values>com.ibm.rational.test.rtw.webgui.execution.playback.AbstractActions.executeAction(AbstractActions.java:167)</values>
		<values>com.ibm.rational.test.rtw.webgui.execution.playback.HybridPlayer.invokeActionInternal(HybridPlayer.java:121)</values>
		<values>com.ibm.rational.test.rtw.webgui.execution.playback.HybridPlayer.invokeAction(HybridPlayer.java:112)</values>
		<values>com.ibm.rational.test.rtw.webgui.execution.playback.AbstractWebPlayer.executeTestStep(AbstractWebPlayer.java:217)</values>
		<values>com.ibm.rational.test.rtw.webgui.execution.PlaybackManager.executeTestStep(PlaybackManager.java:347)</values>
		<values>com.ibm.rational.test.rtw.webgui.execution.PlaybackManager.executeTestSteps(PlaybackManager.java:250)</values>
		<values>com.ibm.rational.test.rtw.webgui.execution.DesktopBrowserExecution.executeSteps(DesktopBrowserExecution.java:122)</values>
		<values>com.ibm.rational.test.lt.execution.moeb.action.MoebStepBatchAction.execute(MoebStepBatchAction.java:300)</values>
		<values>com.ibm.rational.test.lt.kernel.action.impl.KAction.executeAction(KAction.java:602)</values>
		<values>com.ibm.rational.test.lt.kernel.action.impl.KAction.run(KAction.java:2146)</values>
		<values>java.util.concurrent.ThreadPoolExecutor.runWorker(ThreadPoolExecutor.java:1149)</values>
		<values>java.util.concurrent.ThreadPoolExecutor$Worker.run(ThreadPoolExecutor.java:624)</values>
		<values>java.lang.Thread.run(Thread.java:826)</values>
	</extendedDataElements>
	<sourceComponentId application="Test UI Web UI Tester" component="com.ibm.rational.test.rtw.webgui.execution" componentIdType="Functional test Execution" executionEnvironment="Java" location="192.168.1.7" locationType="IPV4" subComponent="com.ibm.rational.test.rtw.webgui.execution" componentType="Desktop Execution"/>
	<situation categoryName="ReportSituation">
		<situationType xmlns:xsi="http://www.w3.org/2001/XMLSchema-instance" xsi:type="ReportSituation" reasoningScope="INTERNAL" reportCategory="LOG"/>
	</situation>
</CommonBaseEvent>
<CommonBaseEvent creationTime="2024-07-17T12:09:07.497Z" globalInstanceId="A1EF44355E2170A0CB37E33536343439" msg="HandleException {0}&#xA;org.openqa.selenium.TimeoutException: Expected condition failed: waiting for com.ibm.rational.test.rtw.webgui.selenium.actions.WebDriverJavascriptExecutor$ScriptFunction@92bf2bd9 (tried for 10 second(s) with 500 milliseconds interval)&#xA;Build info: version: &apos;4.1.4&apos;, revision: &apos;535d840ee2&apos;&#xA;System info: host: &apos;STLININF0256&apos;, ip: &apos;192.168.1.7&apos;, os.name: &apos;Windows 11&apos;, os.arch: &apos;amd64&apos;, os.version: &apos;10.0&apos;, java.version: &apos;1.8.0_382&apos;&#xA;Driver info: driver.version: unknown&#xD;&#xA;&#x9;at org.openqa.selenium.support.ui.FluentWait.timeoutException(FluentWait.java:263)&#xD;&#xA;&#x9;at org.openqa.selenium.support.ui.FluentWait.until(FluentWait.java:231)&#xD;&#xA;&#x9;at com.ibm.rational.test.rtw.webgui.selenium.actions.WebDriverJavascriptExecutor.executeAction(WebDriverJavascriptExecutor.java:129)&#xD;&#xA;&#x9;at com.ibm.rational.test.rtw.webgui.selenium.actions.BaseWebDriverAction.execute(BaseWebDriverAction.java:177)&#xD;&#xA;&#x9;at com.ibm.rational.test.rtw.webgui.execution.playback.AbstractActions.executeInternal(AbstractActions.java:104)&#xD;&#xA;&#x9;at com.ibm.rational.test.rtw.webgui.execution.playback.AbstractActions.executeAction(AbstractActions.java:167)&#xD;&#xA;&#x9;at com.ibm.rational.test.rtw.webgui.selenium.WebDriverPlayer.runScript(WebDriverPlayer.java:312)&#xD;&#xA;&#x9;at com.ibm.rational.test.rtw.webgui.playback.js.actions.BaseJSAction.runScriptAndParseResponse(BaseJSAction.java:100)&#xD;&#xA;&#x9;at com.ibm.rational.test.rtw.webgui.playback.js.actions.BaseJSAction.runScriptAndParseResponse(BaseJSAction.java:89)&#xD;&#xA;&#x9;at com.ibm.rational.test.rtw.webgui.playback.js.actions.JSDefaultAction.execute(JSDefaultAction.java:31)&#xD;&#xA;&#x9;at com.ibm.rational.test.rtw.webgui.execution.playback.AbstractActions.executeInternal(AbstractActions.java:104)&#xD;&#xA;&#x9;at com.ibm.rational.test.rtw.webgui.execution.playback.AbstractActions.executeAction(AbstractActions.java:167)&#xD;&#xA;&#x9;at com.ibm.rational.test.rtw.webgui.execution.playback.HybridPlayer.invokeActionInternal(HybridPlayer.java:121)&#xD;&#xA;&#x9;at com.ibm.rational.test.rtw.webgui.execution.playback.HybridPlayer.invokeAction(HybridPlayer.java:112)&#xD;&#xA;&#x9;at com.ibm.rational.test.rtw.webgui.execution.playback.AbstractWebPlayer.executeTestStep(AbstractWebPlayer.java:217)&#xD;&#xA;&#x9;at com.ibm.rational.test.rtw.webgui.execution.PlaybackManager.executeTestStep(PlaybackManager.java:347)&#xD;&#xA;&#x9;at com.ibm.rational.test.rtw.webgui.execution.PlaybackManager.executeTestSteps(PlaybackManager.java:250)&#xD;&#xA;&#x9;at com.ibm.rational.test.rtw.webgui.execution.DesktopBrowserExecution.executeSteps(DesktopBrowserExecution.java:122)&#xD;&#xA;&#x9;at com.ibm.rational.test.lt.execution.moeb.action.MoebStepBatchAction.execute(MoebStepBatchAction.java:300)&#xD;&#xA;&#x9;at com.ibm.rational.test.lt.kernel.action.impl.KAction.executeAction(KAction.java:602)&#xD;&#xA;&#x9;at com.ibm.rational.test.lt.kernel.action.impl.KAction.run(KAction.java:2146)&#xD;&#xA;&#x9;at java.util.concurrent.ThreadPoolExecutor.runWorker(ThreadPoolExecutor.java:1149)&#xD;&#xA;&#x9;at java.util.concurrent.ThreadPoolExecutor$Worker.run(ThreadPoolExecutor.java:624)&#xD;&#xA;&#x9;at java.lang.Thread.run(Thread.java:826)&#xD;&#xA;" severity="50" version="1.0.1">
	<extendedDataElements name="CommonBaseEventLogRecord:level" type="noValue">
		<children name="CommonBaseEventLogRecord:name" type="string">
			<values>SEVERE</values>
		</children>
		<children name="CommonBaseEventLogRecord:value" type="int">
			<values>1000</values>
		</children>
	</extendedDataElements>
	<extendedDataElements name="CommonBaseEventLogRecord:sequenceNumber" type="long">
		<values>19</values>
	</extendedDataElements>
	<extendedDataElements name="CommonBaseEventLogRecord:threadID" type="int">
		<values>49</values>
	</extendedDataElements>
	<extendedDataElements name="CommonBaseEventLogRecord:loggerName" type="string">
		<values>com.ibm.rational.test.lt.core.logging.PDExecutionLog</values>
	</extendedDataElements>
	<extendedDataElements name="CommonBaseEventLogRecord:stackTrace" type="stringArray">
		<values>org.openqa.selenium.TimeoutException: Expected condition failed: waiting for com.ibm.rational.test.rtw.webgui.selenium.actions.WebDriverJavascriptExecutor$ScriptFunction@92bf2bd9 (tried for 10 second(s) with 500 milliseconds interval)&#xA;Build info: version: &apos;4.1.4&apos;, revision: &apos;535d840ee2&apos;&#xA;System info: host: &apos;STLININF0256&apos;, ip: &apos;192.168.1.7&apos;, os.name: &apos;Windows 11&apos;, os.arch: &apos;amd64&apos;, os.version: &apos;10.0&apos;, java.version: &apos;1.8.0_382&apos;&#xA;Driver info: driver.version: unknown</values>
		<values>org.openqa.selenium.support.ui.FluentWait.timeoutException(FluentWait.java:263)</values>
		<values>org.openqa.selenium.support.ui.FluentWait.until(FluentWait.java:231)</values>
		<values>com.ibm.rational.test.rtw.webgui.selenium.actions.WebDriverJavascriptExecutor.executeAction(WebDriverJavascriptExecutor.java:129)</values>
		<values>com.ibm.rational.test.rtw.webgui.selenium.actions.BaseWebDriverAction.execute(BaseWebDriverAction.java:177)</values>
		<values>com.ibm.rational.test.rtw.webgui.execution.playback.AbstractActions.executeInternal(AbstractActions.java:104)</values>
		<values>com.ibm.rational.test.rtw.webgui.execution.playback.AbstractActions.executeAction(AbstractActions.java:167)</values>
		<values>com.ibm.rational.test.rtw.webgui.selenium.WebDriverPlayer.runScript(WebDriverPlayer.java:312)</values>
		<values>com.ibm.rational.test.rtw.webgui.playback.js.actions.BaseJSAction.runScriptAndParseResponse(BaseJSAction.java:100)</values>
		<values>com.ibm.rational.test.rtw.webgui.playback.js.actions.BaseJSAction.runScriptAndParseResponse(BaseJSAction.java:89)</values>
		<values>com.ibm.rational.test.rtw.webgui.playback.js.actions.JSDefaultAction.execute(JSDefaultAction.java:31)</values>
		<values>com.ibm.rational.test.rtw.webgui.execution.playback.AbstractActions.executeInternal(AbstractActions.java:104)</values>
		<values>com.ibm.rational.test.rtw.webgui.execution.playback.AbstractActions.executeAction(AbstractActions.java:167)</values>
		<values>com.ibm.rational.test.rtw.webgui.execution.playback.HybridPlayer.invokeActionInternal(HybridPlayer.java:121)</values>
		<values>com.ibm.rational.test.rtw.webgui.execution.playback.HybridPlayer.invokeAction(HybridPlayer.java:112)</values>
		<values>com.ibm.rational.test.rtw.webgui.execution.playback.AbstractWebPlayer.executeTestStep(AbstractWebPlayer.java:217)</values>
		<values>com.ibm.rational.test.rtw.webgui.execution.PlaybackManager.executeTestStep(PlaybackManager.java:347)</values>
		<values>com.ibm.rational.test.rtw.webgui.execution.PlaybackManager.executeTestSteps(PlaybackManager.java:250)</values>
		<values>com.ibm.rational.test.rtw.webgui.execution.DesktopBrowserExecution.executeSteps(DesktopBrowserExecution.java:122)</values>
		<values>com.ibm.rational.test.lt.execution.moeb.action.MoebStepBatchAction.execute(MoebStepBatchAction.java:300)</values>
		<values>com.ibm.rational.test.lt.kernel.action.impl.KAction.executeAction(KAction.java:602)</values>
		<values>com.ibm.rational.test.lt.kernel.action.impl.KAction.run(KAction.java:2146)</values>
		<values>java.util.concurrent.ThreadPoolExecutor.runWorker(ThreadPoolExecutor.java:1149)</values>
		<values>java.util.concurrent.ThreadPoolExecutor$Worker.run(ThreadPoolExecutor.java:624)</values>
		<values>java.lang.Thread.run(Thread.java:826)</values>
	</extendedDataElements>
	<sourceComponentId application="Test UI Web UI Tester" component="com.ibm.rational.test.rtw.webgui.execution" componentIdType="Functional test Execution" executionEnvironment="Java" location="192.168.1.7" locationType="IPV4" subComponent="com.ibm.rational.test.rtw.webgui.execution" componentType="Desktop Execution"/>
	<situation categoryName="ReportSituation">
		<situationType xmlns:xsi="http://www.w3.org/2001/XMLSchema-instance" xsi:type="ReportSituation" reasoningScope="INTERNAL" reportCategory="LOG"/>
	</situation>
</CommonBaseEvent>
<CommonBaseEvent creationTime="2024-07-17T12:10:34.432Z" globalInstanceId="A1EF443591F28400CB37E33536343439" msg="RPXE0001W *** stop(30000) commencing   Container:  Engine   &lt;Stopper&gt;" severity="50" version="1.0.1">
	<extendedDataElements name="CommonBaseEventLogRecord:level" type="noValue">
		<children name="CommonBaseEventLogRecord:name" type="string">
			<values>SEVERE</values>
		</children>
		<children name="CommonBaseEventLogRecord:value" type="int">
			<values>1000</values>
		</children>
	</extendedDataElements>
	<extendedDataElements name="CommonBaseEventLogRecord:sequenceNumber" type="long">
		<values>22</values>
	</extendedDataElements>
	<extendedDataElements name="CommonBaseEventLogRecord:threadID" type="int">
		<values>49</values>
	</extendedDataElements>
	<extendedDataElements name="CommonBaseEventLogRecord:loggerName" type="string">
		<values>com.ibm.rational.test.lt.core.logging.PDExecutionLog</values>
	</extendedDataElements>
	<sourceComponentId application="DevOps Test Performance" component="Performance Test Type" componentIdType="Application" executionEnvironment="Java" location="192.168.1.7" locationType="IPV4" subComponent="com.ibm.rational.test.lt.kernel_6.1.0" componentType="Hyades Data Collection Engine Application"/>
	<situation categoryName="ReportSituation">
		<situationType xmlns:xsi="http://www.w3.org/2001/XMLSchema-instance" xsi:type="ReportSituation" reasoningScope="INTERNAL" reportCategory="LOG"/>
	</situation>
</CommonBaseEvent>
<CommonBaseEvent creationTime="2024-07-17T12:10:34.433Z" globalInstanceId="A1EF443591F2AB10CB37E33536343439" msg="RPXE0001W 7.7.300 Engine STOP reason All Agents Inactive" severity="50" version="1.0.1">
	<extendedDataElements name="CommonBaseEventLogRecord:level" type="noValue">
		<children name="CommonBaseEventLogRecord:name" type="string">
			<values>SEVERE</values>
		</children>
		<children name="CommonBaseEventLogRecord:value" type="int">
			<values>1000</values>
		</children>
	</extendedDataElements>
	<extendedDataElements name="CommonBaseEventLogRecord:sequenceNumber" type="long">
		<values>23</values>
	</extendedDataElements>
	<extendedDataElements name="CommonBaseEventLogRecord:threadID" type="int">
		<values>49</values>
	</extendedDataElements>
	<extendedDataElements name="CommonBaseEventLogRecord:loggerName" type="string">
		<values>com.ibm.rational.test.lt.core.logging.PDExecutionLog</values>
	</extendedDataElements>
	<sourceComponentId application="DevOps Test Performance" component="Performance Test Type" componentIdType="Application" executionEnvironment="Java" location="192.168.1.7" locationType="IPV4" subComponent="com.ibm.rational.test.lt.kernel_6.1.0" componentType="Hyades Data Collection Engine Application"/>
	<situation categoryName="ReportSituation">
		<situationType xmlns:xsi="http://www.w3.org/2001/XMLSchema-instance" xsi:type="ReportSituation" reasoningScope="INTERNAL" reportCategory="LOG"/>
	</situation>
</CommonBaseEvent>
<CommonBaseEvent creationTime="2024-07-17T12:10:34.433Z" globalInstanceId="A1EF443591F2D220CB37E33536343439" msg="RPXE0001W Problem Determination Log Statistics" severity="50" version="1.0.1">
	<extendedDataElements name="CommonBaseEventLogRecord:level" type="noValue">
		<children name="CommonBaseEventLogRecord:name" type="string">
			<values>SEVERE</values>
		</children>
		<children name="CommonBaseEventLogRecord:value" type="int">
			<values>1000</values>
		</children>
	</extendedDataElements>
	<extendedDataElements name="CommonBaseEventLogRecord:sequenceNumber" type="long">
		<values>24</values>
	</extendedDataElements>
	<extendedDataElements name="CommonBaseEventLogRecord:threadID" type="int">
		<values>49</values>
	</extendedDataElements>
	<extendedDataElements name="CommonBaseEventLogRecord:loggerName" type="string">
		<values>com.ibm.rational.test.lt.core.logging.PDExecutionLog</values>
	</extendedDataElements>
	<sourceComponentId application="DevOps Test Performance" component="Performance Test Type" componentIdType="Application" executionEnvironment="Java" location="192.168.1.7" locationType="IPV4" subComponent="com.ibm.rational.test.lt.kernel_6.1.0" componentType="Hyades Data Collection Engine Application"/>
	<situation categoryName="ReportSituation">
		<situationType xmlns:xsi="http://www.w3.org/2001/XMLSchema-instance" xsi:type="ReportSituation" reasoningScope="INTERNAL" reportCategory="LOG"/>
	</situation>
</CommonBaseEvent>
<CommonBaseEvent creationTime="2024-07-17T12:10:34.433Z" globalInstanceId="A1EF443591F2D221CB37E33536343439" msg="RPXE0001W PDLog rejected=0" severity="50" version="1.0.1">
	<extendedDataElements name="CommonBaseEventLogRecord:level" type="noValue">
		<children name="CommonBaseEventLogRecord:name" type="string">
			<values>SEVERE</values>
		</children>
		<children name="CommonBaseEventLogRecord:value" type="int">
			<values>1000</values>
		</children>
	</extendedDataElements>
	<extendedDataElements name="CommonBaseEventLogRecord:sequenceNumber" type="long">
		<values>25</values>
	</extendedDataElements>
	<extendedDataElements name="CommonBaseEventLogRecord:threadID" type="int">
		<values>49</values>
	</extendedDataElements>
	<extendedDataElements name="CommonBaseEventLogRecord:loggerName" type="string">
		<values>com.ibm.rational.test.lt.core.logging.PDExecutionLog</values>
	</extendedDataElements>
	<sourceComponentId application="DevOps Test Performance" component="Performance Test Type" componentIdType="Application" executionEnvironment="Java" location="192.168.1.7" locationType="IPV4" subComponent="com.ibm.rational.test.lt.kernel_6.1.0" componentType="Hyades Data Collection Engine Application"/>
	<situation categoryName="ReportSituation">
		<situationType xmlns:xsi="http://www.w3.org/2001/XMLSchema-instance" xsi:type="ReportSituation" reasoningScope="INTERNAL" reportCategory="LOG"/>
	</situation>
</CommonBaseEvent>
<CommonBaseEvent creationTime="2024-07-17T12:10:34.436Z" globalInstanceId="A1EF443591F32040CB37E33536343439" msg="RPXE0001W *** stop(30000) completed   &lt;Stopper&gt;" severity="50" version="1.0.1">
	<extendedDataElements name="CommonBaseEventLogRecord:level" type="noValue">
		<children name="CommonBaseEventLogRecord:name" type="string">
			<values>SEVERE</values>
		</children>
		<children name="CommonBaseEventLogRecord:value" type="int">
			<values>1000</values>
		</children>
	</extendedDataElements>
	<extendedDataElements name="CommonBaseEventLogRecord:sequenceNumber" type="long">
		<values>26</values>
	</extendedDataElements>
	<extendedDataElements name="CommonBaseEventLogRecord:threadID" type="int">
		<values>49</values>
	</extendedDataElements>
	<extendedDataElements name="CommonBaseEventLogRecord:loggerName" type="string">
		<values>com.ibm.rational.test.lt.core.logging.PDExecutionLog</values>
	</extendedDataElements>
	<sourceComponentId application="DevOps Test Performance" component="Performance Test Type" componentIdType="Application" executionEnvironment="Java" location="192.168.1.7" locationType="IPV4" subComponent="com.ibm.rational.test.lt.kernel_6.1.0" componentType="Hyades Data Collection Engine Application"/>
	<situation categoryName="ReportSituation">
		<situationType xmlns:xsi="http://www.w3.org/2001/XMLSchema-instance" xsi:type="ReportSituation" reasoningScope="INTERNAL" reportCategory="LOG"/>
	</situation>
</CommonBaseEvent>
<CommonBaseEvent creationTime="2024-07-17T12:10:34.436Z" globalInstanceId="A1EF443591F32041CB37E33536343439" msg="RPXE0001W BREW actions completed = 275" severity="50" version="1.0.1">
	<extendedDataElements name="CommonBaseEventLogRecord:level" type="noValue">
		<children name="CommonBaseEventLogRecord:name" type="string">
			<values>SEVERE</values>
		</children>
		<children name="CommonBaseEventLogRecord:value" type="int">
			<values>1000</values>
		</children>
	</extendedDataElements>
	<extendedDataElements name="CommonBaseEventLogRecord:sequenceNumber" type="long">
		<values>27</values>
	</extendedDataElements>
	<extendedDataElements name="CommonBaseEventLogRecord:threadID" type="int">
		<values>49</values>
	</extendedDataElements>
	<extendedDataElements name="CommonBaseEventLogRecord:loggerName" type="string">
		<values>com.ibm.rational.test.lt.core.logging.PDExecutionLog</values>
	</extendedDataElements>
	<sourceComponentId application="DevOps Test Performance" component="Performance Test Type" componentIdType="Application" executionEnvironment="Java" location="192.168.1.7" locationType="IPV4" subComponent="com.ibm.rational.test.lt.kernel_6.1.0" componentType="Hyades Data Collection Engine Application"/>
	<situation categoryName="ReportSituation">
		<situationType xmlns:xsi="http://www.w3.org/2001/XMLSchema-instance" xsi:type="ReportSituation" reasoningScope="INTERNAL" reportCategory="LOG"/>
	</situation>
</CommonBaseEvent>
<CommonBaseEvent creationTime="2024-07-17T12:10:34.436Z" globalInstanceId="A1EF443591F32042CB37E33536343439" msg="RPXE0001W BREW largest pool size = 10" severity="50" version="1.0.1">
	<extendedDataElements name="CommonBaseEventLogRecord:level" type="noValue">
		<children name="CommonBaseEventLogRecord:name" type="string">
			<values>SEVERE</values>
		</children>
		<children name="CommonBaseEventLogRecord:value" type="int">
			<values>1000</values>
		</children>
	</extendedDataElements>
	<extendedDataElements name="CommonBaseEventLogRecord:sequenceNumber" type="long">
		<values>28</values>
	</extendedDataElements>
	<extendedDataElements name="CommonBaseEventLogRecord:threadID" type="int">
		<values>49</values>
	</extendedDataElements>
	<extendedDataElements name="CommonBaseEventLogRecord:loggerName" type="string">
		<values>com.ibm.rational.test.lt.core.logging.PDExecutionLog</values>
	</extendedDataElements>
	<sourceComponentId application="DevOps Test Performance" component="Performance Test Type" componentIdType="Application" executionEnvironment="Java" location="192.168.1.7" locationType="IPV4" subComponent="com.ibm.rational.test.lt.kernel_6.1.0" componentType="Hyades Data Collection Engine Application"/>
	<situation categoryName="ReportSituation">
		<situationType xmlns:xsi="http://www.w3.org/2001/XMLSchema-instance" xsi:type="ReportSituation" reasoningScope="INTERNAL" reportCategory="LOG"/>
	</situation>
</CommonBaseEvent>
<CommonBaseEvent creationTime="2024-07-17T12:10:34.436Z" globalInstanceId="A1EF443591F34750CB37E33536343439" msg="RPXE0001W Engine STOP commencing worker finalizers" severity="50" version="1.0.1">
	<extendedDataElements name="CommonBaseEventLogRecord:level" type="noValue">
		<children name="CommonBaseEventLogRecord:name" type="string">
			<values>SEVERE</values>
		</children>
		<children name="CommonBaseEventLogRecord:value" type="int">
			<values>1000</values>
		</children>
	</extendedDataElements>
	<extendedDataElements name="CommonBaseEventLogRecord:sequenceNumber" type="long">
		<values>29</values>
	</extendedDataElements>
	<extendedDataElements name="CommonBaseEventLogRecord:threadID" type="int">
		<values>49</values>
	</extendedDataElements>
	<extendedDataElements name="CommonBaseEventLogRecord:loggerName" type="string">
		<values>com.ibm.rational.test.lt.core.logging.PDExecutionLog</values>
	</extendedDataElements>
	<sourceComponentId application="DevOps Test Performance" component="Performance Test Type" componentIdType="Application" executionEnvironment="Java" location="192.168.1.7" locationType="IPV4" subComponent="com.ibm.rational.test.lt.kernel_6.1.0" componentType="Hyades Data Collection Engine Application"/>
	<situation categoryName="ReportSituation">
		<situationType xmlns:xsi="http://www.w3.org/2001/XMLSchema-instance" xsi:type="ReportSituation" reasoningScope="INTERNAL" reportCategory="LOG"/>
	</situation>
</CommonBaseEvent>
<CommonBaseEvent creationTime="2024-07-17T12:10:34.539Z" globalInstanceId="A1EF44359202D7B0CB37E33536343439" msg="RPXE0001W Engine STOP wait for finalizers done  completed=10 poolsize=10" severity="50" version="1.0.1">
	<extendedDataElements name="CommonBaseEventLogRecord:level" type="noValue">
		<children name="CommonBaseEventLogRecord:name" type="string">
			<values>SEVERE</values>
		</children>
		<children name="CommonBaseEventLogRecord:value" type="int">
			<values>1000</values>
		</children>
	</extendedDataElements>
	<extendedDataElements name="CommonBaseEventLogRecord:sequenceNumber" type="long">
		<values>30</values>
	</extendedDataElements>
	<extendedDataElements name="CommonBaseEventLogRecord:threadID" type="int">
		<values>49</values>
	</extendedDataElements>
	<extendedDataElements name="CommonBaseEventLogRecord:loggerName" type="string">
		<values>com.ibm.rational.test.lt.core.logging.PDExecutionLog</values>
	</extendedDataElements>
	<sourceComponentId application="DevOps Test Performance" component="Performance Test Type" componentIdType="Application" executionEnvironment="Java" location="192.168.1.7" locationType="IPV4" subComponent="com.ibm.rational.test.lt.kernel_6.1.0" componentType="Hyades Data Collection Engine Application"/>
	<situation categoryName="ReportSituation">
		<situationType xmlns:xsi="http://www.w3.org/2001/XMLSchema-instance" xsi:type="ReportSituation" reasoningScope="INTERNAL" reportCategory="LOG"/>
	</situation>
</CommonBaseEvent>
<CommonBaseEvent creationTime="2024-07-17T12:10:35.856Z" globalInstanceId="A1EF443592CBCD00CB37E33536343439" msg="RPXE0001W Virtual User Stop Statistics" severity="50" version="1.0.1">
	<extendedDataElements name="CommonBaseEventLogRecord:level" type="noValue">
		<children name="CommonBaseEventLogRecord:name" type="string">
			<values>SEVERE</values>
		</children>
		<children name="CommonBaseEventLogRecord:value" type="int">
			<values>1000</values>
		</children>
	</extendedDataElements>
	<extendedDataElements name="CommonBaseEventLogRecord:sequenceNumber" type="long">
		<values>31</values>
	</extendedDataElements>
	<extendedDataElements name="CommonBaseEventLogRecord:threadID" type="int">
		<values>49</values>
	</extendedDataElements>
	<extendedDataElements name="CommonBaseEventLogRecord:loggerName" type="string">
		<values>com.ibm.rational.test.lt.core.logging.PDExecutionLog</values>
	</extendedDataElements>
	<sourceComponentId application="DevOps Test Performance" component="Performance Test Type" componentIdType="Application" executionEnvironment="Java" location="192.168.1.7" locationType="IPV4" subComponent="com.ibm.rational.test.lt.kernel_6.1.0" componentType="Hyades Data Collection Engine Application"/>
	<situation categoryName="ReportSituation">
		<situationType xmlns:xsi="http://www.w3.org/2001/XMLSchema-instance" xsi:type="ReportSituation" reasoningScope="INTERNAL" reportCategory="LOG"/>
	</situation>
</CommonBaseEvent>
<CommonBaseEvent creationTime="2024-07-17T12:10:35.856Z" globalInstanceId="A1EF443592CBF410CB37E33536343439" msg="RPXE0001W Stop reason Unknown:  4 users" severity="50" version="1.0.1">
	<extendedDataElements name="CommonBaseEventLogRecord:level" type="noValue">
		<children name="CommonBaseEventLogRecord:name" type="string">
			<values>SEVERE</values>
		</children>
		<children name="CommonBaseEventLogRecord:value" type="int">
			<values>1000</values>
		</children>
	</extendedDataElements>
	<extendedDataElements name="CommonBaseEventLogRecord:sequenceNumber" type="long">
		<values>32</values>
	</extendedDataElements>
	<extendedDataElements name="CommonBaseEventLogRecord:threadID" type="int">
		<values>49</values>
	</extendedDataElements>
	<extendedDataElements name="CommonBaseEventLogRecord:loggerName" type="string">
		<values>com.ibm.rational.test.lt.core.logging.PDExecutionLog</values>
	</extendedDataElements>
	<sourceComponentId application="DevOps Test Performance" component="Performance Test Type" componentIdType="Application" executionEnvironment="Java" location="192.168.1.7" locationType="IPV4" subComponent="com.ibm.rational.test.lt.kernel_6.1.0" componentType="Hyades Data Collection Engine Application"/>
	<situation categoryName="ReportSituation">
		<situationType xmlns:xsi="http://www.w3.org/2001/XMLSchema-instance" xsi:type="ReportSituation" reasoningScope="INTERNAL" reportCategory="LOG"/>
	</situation>
</CommonBaseEvent>
<CommonBaseEvent creationTime="2024-07-17T12:10:35.857Z" globalInstanceId="A1EF443592CBF411CB37E33536343439" msg="RPXE0001W    [User Group 1][000001] stopped at 173249" severity="50" version="1.0.1">
	<extendedDataElements name="CommonBaseEventLogRecord:level" type="noValue">
		<children name="CommonBaseEventLogRecord:name" type="string">
			<values>SEVERE</values>
		</children>
		<children name="CommonBaseEventLogRecord:value" type="int">
			<values>1000</values>
		</children>
	</extendedDataElements>
	<extendedDataElements name="CommonBaseEventLogRecord:sequenceNumber" type="long">
		<values>33</values>
	</extendedDataElements>
	<extendedDataElements name="CommonBaseEventLogRecord:threadID" type="int">
		<values>49</values>
	</extendedDataElements>
	<extendedDataElements name="CommonBaseEventLogRecord:loggerName" type="string">
		<values>com.ibm.rational.test.lt.core.logging.PDExecutionLog</values>
	</extendedDataElements>
	<sourceComponentId application="DevOps Test Performance" component="Performance Test Type" componentIdType="Application" executionEnvironment="Java" location="192.168.1.7" locationType="IPV4" subComponent="com.ibm.rational.test.lt.kernel_6.1.0" componentType="Hyades Data Collection Engine Application"/>
	<situation categoryName="ReportSituation">
		<situationType xmlns:xsi="http://www.w3.org/2001/XMLSchema-instance" xsi:type="ReportSituation" reasoningScope="INTERNAL" reportCategory="LOG"/>
	</situation>
</CommonBaseEvent>
<CommonBaseEvent creationTime="2024-07-17T12:10:35.857Z" globalInstanceId="A1EF443592CC1B20CB37E33536343439" msg="RPXE0001W    [User Group 1][000003] stopped at 167283" severity="50" version="1.0.1">
	<extendedDataElements name="CommonBaseEventLogRecord:level" type="noValue">
		<children name="CommonBaseEventLogRecord:name" type="string">
			<values>SEVERE</values>
		</children>
		<children name="CommonBaseEventLogRecord:value" type="int">
			<values>1000</values>
		</children>
	</extendedDataElements>
	<extendedDataElements name="CommonBaseEventLogRecord:sequenceNumber" type="long">
		<values>34</values>
	</extendedDataElements>
	<extendedDataElements name="CommonBaseEventLogRecord:threadID" type="int">
		<values>49</values>
	</extendedDataElements>
	<extendedDataElements name="CommonBaseEventLogRecord:loggerName" type="string">
		<values>com.ibm.rational.test.lt.core.logging.PDExecutionLog</values>
	</extendedDataElements>
	<sourceComponentId application="DevOps Test Performance" component="Performance Test Type" componentIdType="Application" executionEnvironment="Java" location="192.168.1.7" locationType="IPV4" subComponent="com.ibm.rational.test.lt.kernel_6.1.0" componentType="Hyades Data Collection Engine Application"/>
	<situation categoryName="ReportSituation">
		<situationType xmlns:xsi="http://www.w3.org/2001/XMLSchema-instance" xsi:type="ReportSituation" reasoningScope="INTERNAL" reportCategory="LOG"/>
	</situation>
</CommonBaseEvent>
<CommonBaseEvent creationTime="2024-07-17T12:10:35.857Z" globalInstanceId="A1EF443592CC1B21CB37E33536343439" msg="RPXE0001W    [User Group 1][000002] stopped at 153402" severity="50" version="1.0.1">
	<extendedDataElements name="CommonBaseEventLogRecord:level" type="noValue">
		<children name="CommonBaseEventLogRecord:name" type="string">
			<values>SEVERE</values>
		</children>
		<children name="CommonBaseEventLogRecord:value" type="int">
			<values>1000</values>
		</children>
	</extendedDataElements>
	<extendedDataElements name="CommonBaseEventLogRecord:sequenceNumber" type="long">
		<values>35</values>
	</extendedDataElements>
	<extendedDataElements name="CommonBaseEventLogRecord:threadID" type="int">
		<values>49</values>
	</extendedDataElements>
	<extendedDataElements name="CommonBaseEventLogRecord:loggerName" type="string">
		<values>com.ibm.rational.test.lt.core.logging.PDExecutionLog</values>
	</extendedDataElements>
	<sourceComponentId application="DevOps Test Performance" component="Performance Test Type" componentIdType="Application" executionEnvironment="Java" location="192.168.1.7" locationType="IPV4" subComponent="com.ibm.rational.test.lt.kernel_6.1.0" componentType="Hyades Data Collection Engine Application"/>
	<situation categoryName="ReportSituation">
		<situationType xmlns:xsi="http://www.w3.org/2001/XMLSchema-instance" xsi:type="ReportSituation" reasoningScope="INTERNAL" reportCategory="LOG"/>
	</situation>
</CommonBaseEvent>
<CommonBaseEvent creationTime="2024-07-17T12:10:35.857Z" globalInstanceId="A1EF443592CC1B22CB37E33536343439" msg="RPXE0001W    [User Group 1][000004] stopped at 169131" severity="50" version="1.0.1">
	<extendedDataElements name="CommonBaseEventLogRecord:level" type="noValue">
		<children name="CommonBaseEventLogRecord:name" type="string">
			<values>SEVERE</values>
		</children>
		<children name="CommonBaseEventLogRecord:value" type="int">
			<values>1000</values>
		</children>
	</extendedDataElements>
	<extendedDataElements name="CommonBaseEventLogRecord:sequenceNumber" type="long">
		<values>36</values>
	</extendedDataElements>
	<extendedDataElements name="CommonBaseEventLogRecord:threadID" type="int">
		<values>49</values>
	</extendedDataElements>
	<extendedDataElements name="CommonBaseEventLogRecord:loggerName" type="string">
		<values>com.ibm.rational.test.lt.core.logging.PDExecutionLog</values>
	</extendedDataElements>
	<sourceComponentId application="DevOps Test Performance" component="Performance Test Type" componentIdType="Application" executionEnvironment="Java" location="192.168.1.7" locationType="IPV4" subComponent="com.ibm.rational.test.lt.kernel_6.1.0" componentType="Hyades Data Collection Engine Application"/>
	<situation categoryName="ReportSituation">
		<situationType xmlns:xsi="http://www.w3.org/2001/XMLSchema-instance" xsi:type="ReportSituation" reasoningScope="INTERNAL" reportCategory="LOG"/>
	</situation>
</CommonBaseEvent>
<CommonBaseEvent creationTime="2024-07-17T12:10:43.303Z" globalInstanceId="A1EF4435973C1F70CB37E33536343439" msg="RPXE0001W *** Runner process finished normally ***   &lt;main&gt;" severity="50" version="1.0.1">
	<extendedDataElements name="CommonBaseEventLogRecord:level" type="noValue">
		<children name="CommonBaseEventLogRecord:name" type="string">
			<values>SEVERE</values>
		</children>
		<children name="CommonBaseEventLogRecord:value" type="int">
			<values>1000</values>
		</children>
	</extendedDataElements>
	<extendedDataElements name="CommonBaseEventLogRecord:sequenceNumber" type="long">
		<values>37</values>
	</extendedDataElements>
	<extendedDataElements name="CommonBaseEventLogRecord:threadID" type="int">
		<values>49</values>
	</extendedDataElements>
	<extendedDataElements name="CommonBaseEventLogRecord:loggerName" type="string">
		<values>com.ibm.rational.test.lt.core.logging.PDExecutionLog</values>
	</extendedDataElements>
	<sourceComponentId application="DevOps Test Performance" component="Performance Test Type" componentIdType="Application" executionEnvironment="Java" location="192.168.1.7" locationType="IPV4" subComponent="com.ibm.rational.test.lt.kernel_6.1.0" componentType="Hyades Data Collection Engine Application"/>
	<situation categoryName="ReportSituation">
		<situationType xmlns:xsi="http://www.w3.org/2001/XMLSchema-instance" xsi:type="ReportSituation" reasoningScope="INTERNAL" reportCategory="LOG"/>
	</situation>
</CommonBaseEvent>
